{
  "RSpec": {
    "coverage": {
      "/Users/katie/Dropbox/PCS/jsGames/app.rb": [
        1,
        null,
        1,
        1,
        null,
        1,
        1,
        null,
        1,
        1,
        null,
        1,
        0,
        null,
        null,
        null
      ],
      "/Users/katie/Dropbox/PCS/jsGames/config/environments.rb": [
        1,
        null,
        1,
        null,
        1,
        null,
        null,
        null,
        null,
        null,
        null,
        null,
        null
      ],
      "/Users/katie/Dropbox/PCS/jsGames/routes/init.rb": [
        1,
        6,
        null
      ],
      "/Users/katie/Dropbox/PCS/jsGames/routes/highscore.rb": [
        1,
        null,
        1,
        1,
        0,
        0,
        0,
        null,
        null,
        1,
        0,
        null,
        null,
        null,
        null,
        1,
        null,
        1,
        0,
        null,
        null
      ],
      "/Users/katie/Dropbox/PCS/jsGames/models/highscore.rb": [
        1,
        null
      ],
      "/Users/katie/Dropbox/PCS/jsGames/routes/main.rb": [
        1,
        1,
        0,
        null,
        null
      ],
      "/Users/katie/Dropbox/PCS/jsGames/routes/mastermind.rb": [
        1,
        null,
        1,
        1,
        1,
        null,
        null,
        1,
        0,
        null,
        null,
        1,
        1,
        0,
        null,
        null
      ],
      "/Users/katie/Dropbox/PCS/jsGames/lib/mastermind.rb": [
        1,
        1,
        1,
        null,
        1,
        21,
        21,
        21,
        null,
        null,
        1,
        13,
        13,
        13,
        13,
        65,
        13,
        13,
        null,
        6,
        6,
        6,
        6,
        null,
        null,
        null,
        13,
        null,
        null,
        1,
        71,
        null,
        null,
        1,
        52,
        null,
        null,
        null
      ],
      "/Users/katie/Dropbox/PCS/jsGames/routes/quiz.rb": [
        1,
        1,
        null,
        1,
        1,
        0,
        null,
        null,
        1,
        0,
        null,
        null,
        1,
        0,
        null,
        null,
        1,
        1,
        0,
        null,
        null
      ],
      "/Users/katie/Dropbox/PCS/jsGames/lib/quiz.rb": [
        1,
        null,
        1,
        1,
        1,
        null,
        1,
        0,
        0,
        0,
        null,
        null,
        1,
        0,
        null,
        null,
        1,
        0,
        null,
        null,
        0,
        null,
        0,
        0,
        0,
        null,
        0,
        0,
        null,
        null,
        0,
        null,
        null,
        null
      ],
      "/Users/katie/Dropbox/PCS/jsGames/models/quiz.rb": [
        1,
        null
      ],
      "/Users/katie/Dropbox/PCS/jsGames/routes/solitaire.rb": [
        1,
        1,
        0,
        null,
        null
      ],
      "/Users/katie/Dropbox/PCS/jsGames/spec/mastermind/game_spec.rb": [
        1,
        null,
        1,
        1,
        2,
        1,
        15,
        null,
        null,
        1,
        2,
        null,
        null,
        1,
        1,
        1,
        1,
        1,
        null,
        null,
        null,
        1,
        1,
        1,
        1,
        null,
        null,
        null,
        1,
        1,
        1,
        1,
        null,
        null,
        null,
        1,
        1,
        1,
        1,
        null,
        null,
        null,
        1,
        1,
        1,
        1,
        null,
        null,
        null,
        1,
        1,
        1,
        1,
        null,
        null,
        null,
        1,
        1,
        1,
        1,
        null,
        null,
        null,
        1,
        1,
        1,
        1,
        1,
        null,
        null,
        null,
        1,
        1,
        1,
        1,
        1,
        null,
        null,
        null,
        1,
        1,
        1,
        1,
        1,
        null,
        null,
        null,
        1,
        1,
        1,
        1,
        1,
        null,
        null,
        null,
        1,
        1,
        1,
        1,
        1,
        null,
        null,
        null,
        1,
        1,
        1,
        1,
        1,
        null,
        null,
        null,
        null,
        1,
        1,
        1,
        1,
        1,
        null,
        null,
        null,
        null,
        null
      ]
    },
    "timestamp": 1375731521
  }
}
